<?xml version="1.0" encoding="UTF-8"?>
<testng-results ignored="0" total="1" passed="1" failed="0" skipped="0">
  <reporter-output>
  </reporter-output>
  <suite started-at="2024-02-28T12:23:48 IST" name="Default suite" finished-at="2024-02-28T12:24:21 IST" duration-ms="33441">
    <groups>
      <group name="DynamicTableTestPage">
        <method signature="DynamicTablePageTest.verifyUserAbleToSearchData()[pri:0, instance:caw.test.execution.DynamicTablePageTest@795509d9]" name="verifyUserAbleToSearchData" class="caw.test.execution.DynamicTablePageTest"/>
      </group> <!-- DynamicTableTestPage -->
      <group name="Regression">
        <method signature="DynamicTablePageTest.verifyUserAbleToSearchData()[pri:0, instance:caw.test.execution.DynamicTablePageTest@795509d9]" name="verifyUserAbleToSearchData" class="caw.test.execution.DynamicTablePageTest"/>
      </group> <!-- Regression -->
    </groups>
    <test started-at="2024-02-28T12:23:48 IST" name="Default test" finished-at="2024-02-28T12:24:21 IST" duration-ms="33441">
      <class name="caw.test.execution.DynamicTablePageTest">
        <test-method is-config="true" signature="report()[pri:0, instance:caw.test.execution.DynamicTablePageTest@795509d9]" started-at="2024-02-28T12:23:47 IST" name="report" finished-at="2024-02-28T12:23:48 IST" duration-ms="303" status="PASS">
          <reporter-output>
          </reporter-output>
        </test-method> <!-- report -->
        <test-method is-config="true" signature="testSetup()[pri:0, instance:caw.test.execution.DynamicTablePageTest@795509d9]" started-at="2024-02-28T12:23:48 IST" name="testSetup" finished-at="2024-02-28T12:23:50 IST" duration-ms="2109" status="PASS">
          <reporter-output>
          </reporter-output>
        </test-method> <!-- testSetup -->
        <test-method signature="verifyUserAbleToSearchData()[pri:0, instance:caw.test.execution.DynamicTablePageTest@795509d9]" started-at="2024-02-28T12:23:50 IST" name="verifyUserAbleToSearchData" description="Verify User able Search data" finished-at="2024-02-28T12:24:21 IST" duration-ms="30822" status="PASS">
          <reporter-output>
          </reporter-output>
        </test-method> <!-- verifyUserAbleToSearchData -->
        <test-method is-config="true" signature="stopReport()[pri:0, instance:caw.test.execution.DynamicTablePageTest@795509d9]" started-at="2024-02-28T12:24:21 IST" name="stopReport" finished-at="2024-02-28T12:24:21 IST" duration-ms="464" status="PASS">
          <reporter-output>
          </reporter-output>
        </test-method> <!-- stopReport -->
      </class> <!-- caw.test.execution.DynamicTablePageTest -->
    </test> <!-- Default test -->
  </suite> <!-- Default suite -->
</testng-results>
